<?xml version="1.0" encoding="UTF-8"?>
<testsuite name="com.ciber03.calculator03.Calculator03ApplicationTests" tests="2" skipped="0" failures="0" errors="0" timestamp="2022-05-03T17:46:54" hostname="UBPEPS-14" time="1.893">
  <properties/>
  <testcase name="testSum()" classname="com.ciber03.calculator03.Calculator03ApplicationTests" time="1.863"/>
  <testcase name="contextLoads()" classname="com.ciber03.calculator03.Calculator03ApplicationTests" time="0.018"/>
  <system-out><![CDATA[19:46:42.817 [Test worker] DEBUG org.springframework.test.context.BootstrapUtils - Instantiating CacheAwareContextLoaderDelegate from class [org.springframework.test.context.cache.DefaultCacheAwareContextLoaderDelegate]
19:46:42.901 [Test worker] DEBUG org.springframework.test.context.BootstrapUtils - Instantiating BootstrapContext using constructor [public org.springframework.test.context.support.DefaultBootstrapContext(java.lang.Class,org.springframework.test.context.CacheAwareContextLoaderDelegate)]
19:46:43.154 [Test worker] DEBUG org.springframework.test.context.BootstrapUtils - Instantiating TestContextBootstrapper for test class [com.ciber03.calculator03.Calculator03ApplicationTests] from class [org.springframework.boot.test.context.SpringBootTestContextBootstrapper]
19:46:43.226 [Test worker] INFO org.springframework.boot.test.context.SpringBootTestContextBootstrapper - Neither @ContextConfiguration nor @ContextHierarchy found for test class [com.ciber03.calculator03.Calculator03ApplicationTests], using SpringBootContextLoader
19:46:43.259 [Test worker] DEBUG org.springframework.test.context.support.AbstractContextLoader - Did not detect default resource location for test class [com.ciber03.calculator03.Calculator03ApplicationTests]: class path resource [com/ciber03/calculator03/Calculator03ApplicationTests-context.xml] does not exist
19:46:43.261 [Test worker] DEBUG org.springframework.test.context.support.AbstractContextLoader - Did not detect default resource location for test class [com.ciber03.calculator03.Calculator03ApplicationTests]: class path resource [com/ciber03/calculator03/Calculator03ApplicationTestsContext.groovy] does not exist
19:46:43.263 [Test worker] INFO org.springframework.test.context.support.AbstractContextLoader - Could not detect default resource locations for test class [com.ciber03.calculator03.Calculator03ApplicationTests]: no resource found for suffixes {-context.xml, Context.groovy}.
19:46:43.270 [Test worker] INFO org.springframework.test.context.support.AnnotationConfigContextLoaderUtils - Could not detect default configuration classes for test class [com.ciber03.calculator03.Calculator03ApplicationTests]: Calculator03ApplicationTests does not declare any static, non-private, non-final, nested classes annotated with @Configuration.
19:46:43.515 [Test worker] DEBUG org.springframework.test.context.support.ActiveProfilesUtils - Could not find an 'annotation declaring class' for annotation type [org.springframework.test.context.ActiveProfiles] and class [com.ciber03.calculator03.Calculator03ApplicationTests]
19:46:43.953 [Test worker] DEBUG org.springframework.context.annotation.ClassPathScanningCandidateComponentProvider - Identified candidate component class: file [/home/administrador/D/git/calculator03/build/classes/java/main/com/ciber03/calculator03/Calculator03Application.class]
19:46:44.001 [Test worker] INFO org.springframework.boot.test.context.SpringBootTestContextBootstrapper - Found @SpringBootConfiguration com.ciber03.calculator03.Calculator03Application for test class com.ciber03.calculator03.Calculator03ApplicationTests
19:46:44.679 [Test worker] DEBUG org.springframework.boot.test.context.SpringBootTestContextBootstrapper - @TestExecutionListeners is not present for class [com.ciber03.calculator03.Calculator03ApplicationTests]: using defaults.
19:46:44.682 [Test worker] INFO org.springframework.boot.test.context.SpringBootTestContextBootstrapper - Loaded default TestExecutionListener class names from location [META-INF/spring.factories]: [org.springframework.boot.test.autoconfigure.restdocs.RestDocsTestExecutionListener, org.springframework.boot.test.autoconfigure.web.client.MockRestServiceServerResetTestExecutionListener, org.springframework.boot.test.autoconfigure.web.servlet.MockMvcPrintOnlyOnFailureTestExecutionListener, org.springframework.boot.test.autoconfigure.web.servlet.WebDriverTestExecutionListener, org.springframework.boot.test.autoconfigure.webservices.client.MockWebServiceServerTestExecutionListener, org.springframework.boot.test.mock.mockito.MockitoTestExecutionListener, org.springframework.boot.test.mock.mockito.ResetMocksTestExecutionListener, org.springframework.test.context.web.ServletTestExecutionListener, org.springframework.test.context.support.DirtiesContextBeforeModesTestExecutionListener, org.springframework.test.context.event.ApplicationEventsTestExecutionListener, org.springframework.test.context.support.DependencyInjectionTestExecutionListener, org.springframework.test.context.support.DirtiesContextTestExecutionListener, org.springframework.test.context.transaction.TransactionalTestExecutionListener, org.springframework.test.context.jdbc.SqlScriptsTestExecutionListener, org.springframework.test.context.event.EventPublishingTestExecutionListener]
19:46:44.774 [Test worker] DEBUG org.springframework.boot.test.context.SpringBootTestContextBootstrapper - Skipping candidate TestExecutionListener [org.springframework.test.context.transaction.TransactionalTestExecutionListener] due to a missing dependency. Specify custom listener classes or make the default listener classes and their required dependencies available. Offending class: [org/springframework/transaction/interceptor/TransactionAttributeSource]
19:46:44.780 [Test worker] DEBUG org.springframework.boot.test.context.SpringBootTestContextBootstrapper - Skipping candidate TestExecutionListener [org.springframework.test.context.jdbc.SqlScriptsTestExecutionListener] due to a missing dependency. Specify custom listener classes or make the default listener classes and their required dependencies available. Offending class: [org/springframework/transaction/interceptor/TransactionAttribute]
19:46:44.782 [Test worker] INFO org.springframework.boot.test.context.SpringBootTestContextBootstrapper - Using TestExecutionListeners: [org.springframework.test.context.web.ServletTestExecutionListener@58fa5769, org.springframework.test.context.support.DirtiesContextBeforeModesTestExecutionListener@36aa52d2, org.springframework.test.context.event.ApplicationEventsTestExecutionListener@4ee25d80, org.springframework.boot.test.mock.mockito.MockitoTestExecutionListener@16a35bd, org.springframework.boot.test.autoconfigure.SpringBootDependencyInjectionTestExecutionListener@ba17be6, org.springframework.test.context.support.DirtiesContextTestExecutionListener@6f798482, org.springframework.test.context.event.EventPublishingTestExecutionListener@332bcab0, org.springframework.boot.test.autoconfigure.restdocs.RestDocsTestExecutionListener@633cc6b5, org.springframework.boot.test.autoconfigure.web.client.MockRestServiceServerResetTestExecutionListener@6342ff7f, org.springframework.boot.test.autoconfigure.web.servlet.MockMvcPrintOnlyOnFailureTestExecutionListener@403c3a01, org.springframework.boot.test.autoconfigure.web.servlet.WebDriverTestExecutionListener@2daf06fc, org.springframework.boot.test.autoconfigure.webservices.client.MockWebServiceServerTestExecutionListener@28237492, org.springframework.boot.test.mock.mockito.ResetMocksTestExecutionListener@5ceecfee]
19:46:44.807 [Test worker] DEBUG org.springframework.test.context.support.AbstractDirtiesContextTestExecutionListener - Before test class: context [DefaultTestContext@76b47204 testClass = Calculator03ApplicationTests, testInstance = [null], testMethod = [null], testException = [null], mergedContextConfiguration = [WebMergedContextConfiguration@4d6ccc97 testClass = Calculator03ApplicationTests, locations = '{}', classes = '{class com.ciber03.calculator03.Calculator03Application}', contextInitializerClasses = '[]', activeProfiles = '{}', propertySourceLocations = '{}', propertySourceProperties = '{org.springframework.boot.test.context.SpringBootTestContextBootstrapper=true}', contextCustomizers = set[org.springframework.boot.test.autoconfigure.actuate.metrics.MetricsExportContextCustomizerFactory$DisableMetricExportContextCustomizer@76c52298, org.springframework.boot.test.autoconfigure.properties.PropertyMappingContextCustomizer@0, org.springframework.boot.test.autoconfigure.web.servlet.WebDriverContextCustomizerFactory$Customizer@3f4b840d, org.springframework.boot.test.context.filter.ExcludeFilterContextCustomizer@4682eba5, org.springframework.boot.test.json.DuplicateJsonObjectContextCustomizerFactory$DuplicateJsonObjectContextCustomizer@58496dc, org.springframework.boot.test.mock.mockito.MockitoContextCustomizer@0, org.springframework.boot.test.web.client.TestRestTemplateContextCustomizer@3157e4c0, org.springframework.boot.test.context.SpringBootTestArgs@1, org.springframework.boot.test.context.SpringBootTestWebEnvironment@201b6b6f], resourceBasePath = 'src/main/webapp', contextLoader = 'org.springframework.boot.test.context.SpringBootContextLoader', parent = [null]], attributes = map['org.springframework.test.context.web.ServletTestExecutionListener.activateListener' -> true]], class annotated with @DirtiesContext [false] with mode [null].

  .   ____          _            __ _ _
 /\\ / ___'_ __ _ _(_)_ __  __ _ \ \ \ \
( ( )\___ | '_ | '_| | '_ \/ _` | \ \ \ \
 \\/  ___)| |_)| | | | | || (_| |  ) ) ) )
  '  |____| .__|_| |_|_| |_\__, | / / / /
 =========|_|==============|___/=/_/_/_/
 :: Spring Boot ::                (v2.6.7)

2022-05-03 19:46:46.360  INFO 3294 --- [    Test worker] c.c.c.Calculator03ApplicationTests       : Starting Calculator03ApplicationTests using Java 17.0.2 on UBPEPS-14 with PID 3294 (started by administrador in /home/administrador/D/git/calculator03)
2022-05-03 19:46:46.364  INFO 3294 --- [    Test worker] c.c.c.Calculator03ApplicationTests       : No active profile set, falling back to 1 default profile: "default"
2022-05-03 19:46:54.408  INFO 3294 --- [    Test worker] c.c.c.Calculator03ApplicationTests       : Started Calculator03ApplicationTests in 9.4 seconds (JVM running for 15.949)
]]></system-out>
  <system-err><![CDATA[]]></system-err>
</testsuite>
